Traceback (most recent call last):
  File "/home/gslee/anaconda3/lib/python3.9/site-packages/jupyter_cache/executors/utils.py", line 51, in single_nb_execution
    executenb(
  File "/home/gslee/anaconda3/lib/python3.9/site-packages/nbclient/client.py", line 1112, in execute
    return NotebookClient(nb=nb, resources=resources, km=km, **kwargs).execute()
  File "/home/gslee/anaconda3/lib/python3.9/site-packages/nbclient/util.py", line 74, in wrapped
    return just_run(coro(*args, **kwargs))
  File "/home/gslee/anaconda3/lib/python3.9/site-packages/nbclient/util.py", line 53, in just_run
    return loop.run_until_complete(coro)
  File "/home/gslee/anaconda3/lib/python3.9/asyncio/base_events.py", line 642, in run_until_complete
    return future.result()
  File "/home/gslee/anaconda3/lib/python3.9/site-packages/nbclient/client.py", line 553, in async_execute
    await self.async_execute_cell(
  File "/home/gslee/anaconda3/lib/python3.9/site-packages/nbclient/client.py", line 857, in async_execute_cell
    self._check_raise_for_error(cell, exec_reply)
  File "/home/gslee/anaconda3/lib/python3.9/site-packages/nbclient/client.py", line 760, in _check_raise_for_error
    raise CellExecutionError.from_cell_and_msg(cell, exec_reply_content)
nbclient.exceptions.CellExecutionError: An error occurred while executing the following cell:
------------------
def addM(A: Matrix, B: Matrix) -> Matrix:
    assert shape(A) == shape(B)
    
    m, n = shape(A)
    
    return make_matrix(m, n, lambda i, j: A[i][j] + B[i][j])

def subtractM(A: Matrix, B: Matrix) -> Matrix:
    assert shape(A) == shape(B)
    
    m, n = shape(A)
    
    return make_matrix(m, n, lambda i, j: A[i][j] - B[i][j])
------------------

[0;31m---------------------------------------------------------------------------[0m
[0;31mNameError[0m                                 Traceback (most recent call last)
[0;32m/tmp/ipykernel_810/2736610241.py[0m in [0;36m<module>[0;34m[0m
[0;32m----> 1[0;31m [0;32mdef[0m [0maddM[0m[0;34m([0m[0mA[0m[0;34m:[0m [0mMatrix[0m[0;34m,[0m [0mB[0m[0;34m:[0m [0mMatrix[0m[0;34m)[0m [0;34m->[0m [0mMatrix[0m[0;34m:[0m[0;34m[0m[0;34m[0m[0m
[0m[1;32m      2[0m     [0;32massert[0m [0mshape[0m[0;34m([0m[0mA[0m[0;34m)[0m [0;34m==[0m [0mshape[0m[0;34m([0m[0mB[0m[0;34m)[0m[0;34m[0m[0;34m[0m[0m
[1;32m      3[0m [0;34m[0m[0m
[1;32m      4[0m     [0mm[0m[0;34m,[0m [0mn[0m [0;34m=[0m [0mshape[0m[0;34m([0m[0mA[0m[0;34m)[0m[0;34m[0m[0;34m[0m[0m
[1;32m      5[0m [0;34m[0m[0m

[0;31mNameError[0m: name 'Matrix' is not defined
NameError: name 'Matrix' is not defined

