Traceback (most recent call last):
  File "/home/gslee/anaconda3/lib/python3.9/site-packages/jupyter_cache/executors/utils.py", line 51, in single_nb_execution
    executenb(
  File "/home/gslee/anaconda3/lib/python3.9/site-packages/nbclient/client.py", line 1204, in execute
    return NotebookClient(nb=nb, resources=resources, km=km, **kwargs).execute()
  File "/home/gslee/anaconda3/lib/python3.9/site-packages/nbclient/util.py", line 84, in wrapped
    return just_run(coro(*args, **kwargs))
  File "/home/gslee/anaconda3/lib/python3.9/site-packages/nbclient/util.py", line 62, in just_run
    return loop.run_until_complete(coro)
  File "/home/gslee/anaconda3/lib/python3.9/asyncio/base_events.py", line 647, in run_until_complete
    return future.result()
  File "/home/gslee/anaconda3/lib/python3.9/site-packages/nbclient/client.py", line 663, in async_execute
    await self.async_execute_cell(
  File "/home/gslee/anaconda3/lib/python3.9/site-packages/nbclient/client.py", line 965, in async_execute_cell
    await self._check_raise_for_error(cell, cell_index, exec_reply)
  File "/home/gslee/anaconda3/lib/python3.9/site-packages/nbclient/client.py", line 862, in _check_raise_for_error
    raise CellExecutionError.from_cell_and_msg(cell, exec_reply_content)
nbclient.exceptions.CellExecutionError: An error occurred while executing the following cell:
------------------
def addM(A: Matrix, B: Matrix) -> Matrix:
    assert shape(A) == shape(B)
    
    m, n = shape(A)
    
    return make_matrix(m, n, lambda i, j: A[i][j] + B[i][j])

def subtractM(A: Matrix, B: Matrix) -> Matrix:
    assert shape(A) == shape(B)
    
    m, n = shape(A)
    
    return make_matrix(m, n, lambda i, j: A[i][j] - B[i][j])
------------------

[0;31m---------------------------------------------------------------------------[0m
[0;31mNameError[0m                                 Traceback (most recent call last)
Input [0;32mIn [46][0m, in [0;36m<cell line: 1>[0;34m()[0m
[0;32m----> 1[0m [38;5;28;01mdef[39;00m [38;5;21maddM[39m(A: [43mMatrix[49m, B: Matrix) [38;5;241m-[39m[38;5;241m>[39m Matrix:
[1;32m      2[0m     [38;5;28;01massert[39;00m shape(A) [38;5;241m==[39m shape(B)
[1;32m      4[0m     m, n [38;5;241m=[39m shape(A)

[0;31mNameError[0m: name 'Matrix' is not defined
NameError: name 'Matrix' is not defined

